#
# There is insufficient memory for the Java Runtime Environment to continue.
# Native memory allocation (malloc) failed to allocate 32744 bytes. Error detail: Chunk::new
# Possible reasons:
#   The system is out of physical RAM or swap space
#   This process is running with CompressedOops enabled, and the Java Heap may be blocking the growth of the native heap
# Possible solutions:
#   Reduce memory load on the system
#   Increase physical memory or swap space
#   Check if swap backing store is full
#   Decrease Java heap size (-Xmx/-Xms)
#   Decrease number of Java threads
#   Decrease Java thread stack sizes (-Xss)
#   Set larger code cache with -XX:ReservedCodeCacheSize=
#   JVM is running with Unscaled Compressed Oops mode in which the Java heap is
#     placed in the first 4GB address space. The Java Heap base address is the
#     maximum limit for the native heap growth. Please use -XX:HeapBaseMinAddress
#     to set the Java Heap base and to place the Java Heap above 4GB virtual address.
# This output file may be truncated or incomplete.
#
#  Out of Memory Error (arena.cpp:150), pid=1868, tid=18612
#
# JRE version: Java(TM) SE Runtime Environment (22.0+36) (build 22+36-2370)
# Java VM: Java HotSpot(TM) 64-Bit Server VM (22+36-2370, mixed mode, sharing, tiered, compressed oops, compressed class ptrs, g1 gc, windows-amd64)
# No core dump will be written. Minidumps are not enabled by default on client versions of Windows
#

---------------  S U M M A R Y ------------

Command Line: -Dfile.encoding=UTF-8 --module-path=C:\Users\DeLL\OneDrive\Documents\NetBeansProjects\Hotel Reservation System\build\classes hotel.reservation.system.HotelReservationSystem

Host: Intel(R) Core(TM) i5-8350U CPU @ 1.70GHz, 8 cores, 7G,  Windows 11 , 64 bit Build 26100 (10.0.26100.2454)
Time: Tue Feb 11 00:41:30 2025 India Standard Time elapsed time: 1817.552167 seconds (0d 0h 30m 17s)

---------------  T H R E A D  ---------------

Current thread (0x000002586a2ebf80):  JavaThread "C2 CompilerThread0" daemon [_thread_in_native, id=18612, stack(0x000000cf30300000,0x000000cf30400000) (1024K)]


Current CompileTask:
C2:1817552 1261       4       javax.swing.JComponent::repaint (19 bytes)

Stack: [0x000000cf30300000,0x000000cf30400000]
Native frames: (J=compiled Java code, j=interpreted, Vv=VM code, C=native code)
V  [jvm.dll+0x6e2349]  (no source info available)
V  [jvm.dll+0x874ed3]  (no source info available)
V  [jvm.dll+0x8772fe]  (no source info available)
V  [jvm.dll+0x8779d3]  (no source info available)
V  [jvm.dll+0x27fcb6]  (no source info available)
V  [jvm.dll+0xc3d0f]  (no source info available)
V  [jvm.dll+0xc40fb]  (no source info available)
V  [jvm.dll+0xc3bbb]  (no source info available)
V  [jvm.dll+0x2e77f1]  (no source info available)
V  [jvm.dll+0x830a10]  (no source info available)
V  [jvm.dll+0x70c2ab]  (no source info available)
V  [jvm.dll+0x5da678]  (no source info available)
V  [jvm.dll+0x5e3fe9]  (no source info available)
V  [jvm.dll+0x5cdfa4]  (no source info available)
V  [jvm.dll+0x2f2d7f]  (no source info available)
V  [jvm.dll+0x6fcd57]  (no source info available)
V  [jvm.dll+0x6f509f]  (no source info available)
V  [jvm.dll+0x6f4657]  (no source info available)
V  [jvm.dll+0x6f2834]  (no source info available)
V  [jvm.dll+0x1c805c]  (no source info available)
V  [jvm.dll+0x2f2d7f]  (no source info available)
V  [jvm.dll+0x6fcd57]  (no source info available)
V  [jvm.dll+0x6f509f]  (no source info available)
V  [jvm.dll+0x6f4657]  (no source info available)
V  [jvm.dll+0x6f2834]  (no source info available)
V  [jvm.dll+0x1c805c]  (no source info available)
V  [jvm.dll+0x1c8bdb]  (no source info available)
V  [jvm.dll+0x1c8bdb]  (no source info available)
V  [jvm.dll+0x2f2d7f]  (no source info available)
V  [jvm.dll+0x6fcd57]  (no source info available)
V  [jvm.dll+0x6f509f]  (no source info available)
V  [jvm.dll+0x6f4657]  (no source info available)
V  [jvm.dll+0x6f2834]  (no source info available)
V  [jvm.dll+0x1c805c]  (no source info available)
V  [jvm.dll+0x1c8bdb]  (no source info available)
V  [jvm.dll+0x2f2d7f]  (no source info available)
V  [jvm.dll+0x6fcd57]  (no source info available)
V  [jvm.dll+0x6f509f]  (no source info available)
V  [jvm.dll+0x6f4657]  (no source info available)
V  [jvm.dll+0x6f2834]  (no source info available)
V  [jvm.dll+0x1c805c]  (no source info available)
V  [jvm.dll+0x1c8bdb]  (no source info available)
V  [jvm.dll+0x2f2d7f]  (no source info available)
V  [jvm.dll+0x6fcd57]  (no source info available)
V  [jvm.dll+0x6f509f]  (no source info available)
V  [jvm.dll+0x6f4657]  (no source info available)
V  [jvm.dll+0x6f2834]  (no source info available)
V  [jvm.dll+0x1c805c]  (no source info available)
V  [jvm.dll+0x1c8bdb]  (no source info available)
V  [jvm.dll+0x2f2d7f]  (no source info available)
V  [jvm.dll+0x6fcd57]  (no source info available)
V  [jvm.dll+0x6f509f]  (no source info available)
V  [jvm.dll+0x6f4657]  (no source info available)
V  [jvm.dll+0x6f2834]  (no source info available)
V  [jvm.dll+0x1c805c]  (no source info available)
V  [jvm.dll+0x246c1b]  (no source info available)
V  [jvm.dll+0x1c4e90]  (no source info available)
V  [jvm.dll+0x25699e]  (no source info available)
V  [jvm.dll+0x254c5a]  (no source info available)
V  [jvm.dll+0x3f5426]  (no source info available)
V  [jvm.dll+0x81d50b]  (no source info available)
V  [jvm.dll+0x6e09e5]  (no source info available)
C  [ucrtbase.dll+0x14ea0]  (no source info available)
C  [KERNEL32.DLL+0x2e8d7]  (no source info available)
C  [ntdll.dll+0xdfbcc]  (no source info available)


---------------  P R O C E S S  ---------------

Threads class SMR info:
_java_thread_list=0x0000025846b79fd0, length=16, elements={
0x000002586a2d3d20, 0x000002586a2d4980, 0x000002586a2dcef0, 0x000002586a2dda80,
0x000002586a2e9870, 0x000002586a2e7f20, 0x000002586a2ebf80, 0x000002586a2f55b0,
0x000002586a2a1100, 0x00000258453239b0, 0x000002584545fa70, 0x0000025845466fb0,
0x000002584546c500, 0x0000025846b562c0, 0x0000025846a76ca0, 0x000002584b9677f0
}

Java Threads: ( => current thread )
  0x000002586a2d3d20 JavaThread "Reference Handler"          daemon [_thread_blocked, id=21896, stack(0x000000cf2fd00000,0x000000cf2fe00000) (1024K)]
  0x000002586a2d4980 JavaThread "Finalizer"                  daemon [_thread_blocked, id=14004, stack(0x000000cf2fe00000,0x000000cf2ff00000) (1024K)]
  0x000002586a2dcef0 JavaThread "Signal Dispatcher"          daemon [_thread_blocked, id=18360, stack(0x000000cf2ff00000,0x000000cf30000000) (1024K)]
  0x000002586a2dda80 JavaThread "Attach Listener"            daemon [_thread_blocked, id=19424, stack(0x000000cf30000000,0x000000cf30100000) (1024K)]
  0x000002586a2e9870 JavaThread "Service Thread"             daemon [_thread_blocked, id=22460, stack(0x000000cf30100000,0x000000cf30200000) (1024K)]
  0x000002586a2e7f20 JavaThread "Monitor Deflation Thread"   daemon [_thread_blocked, id=20596, stack(0x000000cf30200000,0x000000cf30300000) (1024K)]
=>0x000002586a2ebf80 JavaThread "C2 CompilerThread0"         daemon [_thread_in_native, id=18612, stack(0x000000cf30300000,0x000000cf30400000) (1024K)]
  0x000002586a2f55b0 JavaThread "C1 CompilerThread0"         daemon [_thread_blocked, id=15728, stack(0x000000cf30400000,0x000000cf30500000) (1024K)]
  0x000002586a2a1100 JavaThread "Common-Cleaner"             daemon [_thread_blocked, id=21656, stack(0x000000cf30500000,0x000000cf30600000) (1024K)]
  0x00000258453239b0 JavaThread "Notification Thread"        daemon [_thread_blocked, id=11720, stack(0x000000cf30700000,0x000000cf30800000) (1024K)]
  0x000002584545fa70 JavaThread "Java2D Disposer"            daemon [_thread_blocked, id=11320, stack(0x000000cf30800000,0x000000cf30900000) (1024K)]
  0x0000025845466fb0 JavaThread "AWT-Shutdown"                      [_thread_blocked, id=19912, stack(0x000000cf30900000,0x000000cf30a00000) (1024K)]
  0x000002584546c500 JavaThread "AWT-Windows"                daemon [_thread_in_native, id=18144, stack(0x000000cf30a00000,0x000000cf30b00000) (1024K)]
  0x0000025846b562c0 JavaThread "AWT-EventQueue-0"                  [_thread_blocked, id=17592, stack(0x000000cf30600000,0x000000cf30700000) (1024K)]
  0x0000025846a76ca0 JavaThread "TimerQueue"                 daemon [_thread_blocked, id=21084, stack(0x000000cf31400000,0x000000cf31500000) (1024K)]
  0x000002584b9677f0 JavaThread "DestroyJavaVM"                     [_thread_blocked, id=10548, stack(0x000000cf2f500000,0x000000cf2f600000) (1024K)]
Total: 16

Other Threads:
  0x000002586a2babb0 VMThread "VM Thread"                           [id=6748, stack(0x000000cf2fc00000,0x000000cf2fd00000) (1024K)]
  0x000002586a29f660 WatcherThread "VM Periodic Task Thread"        [id=19988, stack(0x000000cf2fb00000,0x000000cf2fc00000) (1024K)]
  0x000002584d2ea4f0 WorkerThread "GC Thread#0"                     [id=19700, stack(0x000000cf2f600000,0x000000cf2f700000) (1024K)]
  0x0000025846b88660 WorkerThread "GC Thread#1"                     [id=18888, stack(0x000000cf30c00000,0x000000cf30d00000) (1024K)]
  0x0000025846b88e20 WorkerThread "GC Thread#2"                     [id=10432, stack(0x000000cf30d00000,0x000000cf30e00000) (1024K)]
  0x0000025846b891d0 WorkerThread "GC Thread#3"                     [id=15668, stack(0x000000cf30e00000,0x000000cf30f00000) (1024K)]
  0x0000025846b7bb10 WorkerThread "GC Thread#4"                     [id=18412, stack(0x000000cf30f00000,0x000000cf31000000) (1024K)]
  0x0000025846b7c2d0 WorkerThread "GC Thread#5"                     [id=19920, stack(0x000000cf31000000,0x000000cf31100000) (1024K)]
  0x0000025846b80690 WorkerThread "GC Thread#6"                     [id=1920, stack(0x000000cf31100000,0x000000cf31200000) (1024K)]
  0x0000025846b80e40 WorkerThread "GC Thread#7"                     [id=15120, stack(0x000000cf31200000,0x000000cf31300000) (1024K)]
  0x000002584d2fc8c0 ConcurrentGCThread "G1 Main Marker"            [id=21808, stack(0x000000cf2f700000,0x000000cf2f800000) (1024K)]
  0x000002584d2fe2f0 WorkerThread "G1 Conc#0"                       [id=10096, stack(0x000000cf2f800000,0x000000cf2f900000) (1024K)]
  0x0000025846b79a70 WorkerThread "G1 Conc#1"                       [id=18920, stack(0x000000cf31300000,0x000000cf31400000) (1024K)]
  0x000002584d35eb50 ConcurrentGCThread "G1 Refine#0"               [id=22264, stack(0x000000cf2f900000,0x000000cf2fa00000) (1024K)]
  0x000002586a170890 ConcurrentGCThread "G1 Service"                [id=20604, stack(0x000000cf2fa00000,0x000000cf2fb00000) (1024K)]
Total: 15

Threads with active compile tasks:
C2 CompilerThread0  1820698 1261       4       javax.swing.JComponent::repaint (19 bytes)
Total: 1

VM state: not at safepoint (normal execution)

VM Mutex/Monitor currently owned by a thread: None

Heap address: 0x0000000082200000, size: 2014 MB, Compressed Oops mode: 32-bit

CDS archive(s) mapped at: [0x0000025800000000-0x0000025800c60000-0x0000025800c60000), size 12976128, SharedBaseAddress: 0x0000025800000000, ArchiveRelocationMode: 1.
Compressed class space mapped at: 0x0000025801000000-0x0000025841000000, reserved size: 1073741824
Narrow klass base: 0x0000025800000000, Narrow klass shift: 0, Narrow klass range: 0x41000000

GC Precious Log:
 CardTable entry size: 512
 Card Set container configuration: InlinePtr #cards 5 size 8 Array Of Cards #cards 12 size 40 Howl #buckets 4 coarsen threshold 1843 Howl Bitmap #cards 512 size 80 coarsen threshold 460 Card regions per heap region 1 cards per card region 2048
 CPUs: 8 total, 8 available
 Memory: 8050M
 Large Page Support: Disabled
 NUMA Support: Disabled
 Compressed Oops: Enabled (32-bit)
 Heap Region Size: 1M
 Heap Min Capacity: 8M
 Heap Initial Capacity: 126M
 Heap Max Capacity: 2014M
 Pre-touch: Disabled
 Parallel Workers: 8
 Concurrent Workers: 2
 Concurrent Refinement Workers: 8
 Periodic GC: Disabled

Heap:
 garbage-first heap   total reserved 2062336K, committed 129024K, used 77696K [0x0000000082200000, 0x0000000100000000)
  region size 1024K, 6 young (6144K), 1 survivors (1024K)
 Metaspace       used 7326K, committed 7552K, reserved 1114112K
  class space    used 790K, committed 896K, reserved 1048576K

Heap Regions: E=young(eden), S=young(survivor), O=old, HS=humongous(starts), HC=humongous(continues), CS=collection set, F=free, TAMS=top-at-mark-start, PB=parsable bottom
|   0|0x0000000082200000, 0x0000000082300000, 0x0000000082300000|100%|HS|  |TAMS 0x0000000082200000| PB 0x0000000082200000| Complete |  0
|   1|0x0000000082300000, 0x0000000082400000, 0x0000000082400000|100%|HC|  |TAMS 0x0000000082300000| PB 0x0000000082300000| Complete |  0
|   2|0x0000000082400000, 0x0000000082500000, 0x0000000082500000|100%|HC|  |TAMS 0x0000000082400000| PB 0x0000000082400000| Complete |  0
|   3|0x0000000082500000, 0x0000000082600000, 0x0000000082600000|100%|HC|  |TAMS 0x0000000082500000| PB 0x0000000082500000| Complete |  0
|   4|0x0000000082600000, 0x0000000082700000, 0x0000000082700000|100%|HC|  |TAMS 0x0000000082600000| PB 0x0000000082600000| Complete |  0
|   5|0x0000000082700000, 0x0000000082800000, 0x0000000082800000|100%|HC|  |TAMS 0x0000000082700000| PB 0x0000000082700000| Complete |  0
|   6|0x0000000082800000, 0x0000000082900000, 0x0000000082900000|100%|HC|  |TAMS 0x0000000082800000| PB 0x0000000082800000| Complete |  0
|   7|0x0000000082900000, 0x0000000082a00000, 0x0000000082a00000|100%|HC|  |TAMS 0x0000000082900000| PB 0x0000000082900000| Complete |  0
|   8|0x0000000082a00000, 0x0000000082b00000, 0x0000000082b00000|100%|HC|  |TAMS 0x0000000082a00000| PB 0x0000000082a00000| Complete |  0
|   9|0x0000000082b00000, 0x0000000082c00000, 0x0000000082c00000|100%|HC|  |TAMS 0x0000000082b00000| PB 0x0000000082b00000| Complete |  0
|  10|0x0000000082c00000, 0x0000000082d00000, 0x0000000082d00000|100%|HC|  |TAMS 0x0000000082c00000| PB 0x0000000082c00000| Complete |  0
|  11|0x0000000082d00000, 0x0000000082e00000, 0x0000000082e00000|100%|HC|  |TAMS 0x0000000082d00000| PB 0x0000000082d00000| Complete |  0
|  12|0x0000000082e00000, 0x0000000082f00000, 0x0000000082f00000|100%|HC|  |TAMS 0x0000000082e00000| PB 0x0000000082e00000| Complete |  0
|  13|0x0000000082f00000, 0x0000000083000000, 0x0000000083000000|100%|HC|  |TAMS 0x0000000082f00000| PB 0x0000000082f00000| Complete |  0
|  14|0x0000000083000000, 0x0000000083100000, 0x0000000083100000|100%|HC|  |TAMS 0x0000000083000000| PB 0x0000000083000000| Complete |  0
|  15|0x0000000083100000, 0x0000000083200000, 0x0000000083200000|100%|HC|  |TAMS 0x0000000083100000| PB 0x0000000083100000| Complete |  0
|  16|0x0000000083200000, 0x0000000083300000, 0x0000000083300000|100%|HC|  |TAMS 0x0000000083200000| PB 0x0000000083200000| Complete |  0
|  17|0x0000000083300000, 0x0000000083400000, 0x0000000083400000|100%|HC|  |TAMS 0x0000000083300000| PB 0x0000000083300000| Complete |  0
|  18|0x0000000083400000, 0x0000000083500000, 0x0000000083500000|100%|HC|  |TAMS 0x0000000083400000| PB 0x0000000083400000| Complete |  0
|  19|0x0000000083500000, 0x0000000083600000, 0x0000000083600000|100%|HC|  |TAMS 0x0000000083500000| PB 0x0000000083500000| Complete |  0
|  20|0x0000000083600000, 0x0000000083700000, 0x0000000083700000|100%|HC|  |TAMS 0x0000000083600000| PB 0x0000000083600000| Complete |  0
|  21|0x0000000083700000, 0x0000000083800000, 0x0000000083800000|100%|HC|  |TAMS 0x0000000083700000| PB 0x0000000083700000| Complete |  0
|  22|0x0000000083800000, 0x0000000083900000, 0x0000000083900000|100%|HC|  |TAMS 0x0000000083800000| PB 0x0000000083800000| Complete |  0
|  23|0x0000000083900000, 0x0000000083a00000, 0x0000000083a00000|100%|HC|  |TAMS 0x0000000083900000| PB 0x0000000083900000| Complete |  0
|  24|0x0000000083a00000, 0x0000000083b00000, 0x0000000083b00000|100%|HC|  |TAMS 0x0000000083a00000| PB 0x0000000083a00000| Complete |  0
|  25|0x0000000083b00000, 0x0000000083c00000, 0x0000000083c00000|100%|HC|  |TAMS 0x0000000083b00000| PB 0x0000000083b00000| Complete |  0
|  26|0x0000000083c00000, 0x0000000083d00000, 0x0000000083d00000|100%|HC|  |TAMS 0x0000000083c00000| PB 0x0000000083c00000| Complete |  0
|  27|0x0000000083d00000, 0x0000000083e00000, 0x0000000083e00000|100%|HC|  |TAMS 0x0000000083d00000| PB 0x0000000083d00000| Complete |  0
|  28|0x0000000083e00000, 0x0000000083f00000, 0x0000000083f00000|100%|HC|  |TAMS 0x0000000083e00000| PB 0x0000000083e00000| Complete |  0
|  29|0x0000000083f00000, 0x0000000084000000, 0x0000000084000000|100%|HC|  |TAMS 0x0000000083f00000| PB 0x0000000083f00000| Complete |  0
|  30|0x0000000084000000, 0x0000000084100000, 0x0000000084100000|100%|HC|  |TAMS 0x0000000084000000| PB 0x0000000084000000| Complete |  0
|  31|0x0000000084100000, 0x0000000084200000, 0x0000000084200000|100%|HC|  |TAMS 0x0000000084100000| PB 0x0000000084100000| Complete |  0
|  32|0x0000000084200000, 0x0000000084300000, 0x0000000084300000|100%|HC|  |TAMS 0x0000000084200000| PB 0x0000000084200000| Complete |  0
|  33|0x0000000084300000, 0x0000000084400000, 0x0000000084400000|100%|HC|  |TAMS 0x0000000084300000| PB 0x0000000084300000| Complete |  0
|  34|0x0000000084400000, 0x0000000084500000, 0x0000000084500000|100%|HC|  |TAMS 0x0000000084400000| PB 0x0000000084400000| Complete |  0
|  35|0x0000000084500000, 0x0000000084600000, 0x0000000084600000|100%|HC|  |TAMS 0x0000000084500000| PB 0x0000000084500000| Complete |  0
|  36|0x0000000084600000, 0x0000000084700000, 0x0000000084700000|100%|HC|  |TAMS 0x0000000084600000| PB 0x0000000084600000| Complete |  0
|  37|0x0000000084700000, 0x0000000084800000, 0x0000000084800000|100%|HC|  |TAMS 0x0000000084700000| PB 0x0000000084700000| Complete |  0
|  38|0x0000000084800000, 0x0000000084900000, 0x0000000084900000|100%|HC|  |TAMS 0x0000000084800000| PB 0x0000000084800000| Complete |  0
|  39|0x0000000084900000, 0x0000000084a00000, 0x0000000084a00000|100%|HC|  |TAMS 0x0000000084900000| PB 0x0000000084900000| Complete |  0
|  40|0x0000000084a00000, 0x0000000084b00000, 0x0000000084b00000|100%|HC|  |TAMS 0x0000000084a00000| PB 0x0000000084a00000| Complete |  0
|  41|0x0000000084b00000, 0x0000000084c00000, 0x0000000084c00000|100%|HC|  |TAMS 0x0000000084b00000| PB 0x0000000084b00000| Complete |  0
|  42|0x0000000084c00000, 0x0000000084d00000, 0x0000000084d00000|100%|HC|  |TAMS 0x0000000084c00000| PB 0x0000000084c00000| Complete |  0
|  43|0x0000000084d00000, 0x0000000084e00000, 0x0000000084e00000|100%|HC|  |TAMS 0x0000000084d00000| PB 0x0000000084d00000| Complete |  0
|  44|0x0000000084e00000, 0x0000000084f00000, 0x0000000084f00000|100%|HC|  |TAMS 0x0000000084e00000| PB 0x0000000084e00000| Complete |  0
|  45|0x0000000084f00000, 0x0000000085000000, 0x0000000085000000|100%|HC|  |TAMS 0x0000000084f00000| PB 0x0000000084f00000| Complete |  0
|  46|0x0000000085000000, 0x0000000085100000, 0x0000000085100000|100%|HC|  |TAMS 0x0000000085000000| PB 0x0000000085000000| Complete |  0
|  47|0x0000000085100000, 0x0000000085200000, 0x0000000085200000|100%|HC|  |TAMS 0x0000000085100000| PB 0x0000000085100000| Complete |  0
|  48|0x0000000085200000, 0x0000000085300000, 0x0000000085300000|100%|HC|  |TAMS 0x0000000085200000| PB 0x0000000085200000| Complete |  0
|  49|0x0000000085300000, 0x0000000085400000, 0x0000000085400000|100%|HC|  |TAMS 0x0000000085300000| PB 0x0000000085300000| Complete |  0
|  50|0x0000000085400000, 0x0000000085500000, 0x0000000085500000|100%|HC|  |TAMS 0x0000000085400000| PB 0x0000000085400000| Complete |  0
|  51|0x0000000085500000, 0x0000000085600000, 0x0000000085600000|100%|HC|  |TAMS 0x0000000085500000| PB 0x0000000085500000| Complete |  0
|  52|0x0000000085600000, 0x0000000085700000, 0x0000000085700000|100%|HC|  |TAMS 0x0000000085600000| PB 0x0000000085600000| Complete |  0
|  53|0x0000000085700000, 0x0000000085800000, 0x0000000085800000|100%|HC|  |TAMS 0x0000000085700000| PB 0x0000000085700000| Complete |  0
|  54|0x0000000085800000, 0x0000000085900000, 0x0000000085900000|100%|HC|  |TAMS 0x0000000085800000| PB 0x0000000085800000| Complete |  0
|  55|0x0000000085900000, 0x0000000085a00000, 0x0000000085a00000|100%|HC|  |TAMS 0x0000000085900000| PB 0x0000000085900000| Complete |  0
|  56|0x0000000085a00000, 0x0000000085b00000, 0x0000000085b00000|100%|HC|  |TAMS 0x0000000085a00000| PB 0x0000000085a00000| Complete |  0
|  57|0x0000000085b00000, 0x0000000085c00000, 0x0000000085c00000|100%|HC|  |TAMS 0x0000000085b00000| PB 0x0000000085b00000| Complete |  0
|  58|0x0000000085c00000, 0x0000000085d00000, 0x0000000085d00000|100%|HC|  |TAMS 0x0000000085c00000| PB 0x0000000085c00000| Complete |  0
|  59|0x0000000085d00000, 0x0000000085e00000, 0x0000000085e00000|100%|HC|  |TAMS 0x0000000085d00000| PB 0x0000000085d00000| Complete |  0
|  60|0x0000000085e00000, 0x0000000085f00000, 0x0000000085f00000|100%| O|  |TAMS 0x0000000085e00000| PB 0x0000000085e00000| Untracked |  0
|  61|0x0000000085f00000, 0x0000000086000000, 0x0000000086000000|100%| O|  |TAMS 0x0000000085f00000| PB 0x0000000085f00000| Untracked |  0
|  62|0x0000000086000000, 0x0000000086099300, 0x0000000086100000| 59%| O|  |TAMS 0x0000000086000000| PB 0x0000000086000000| Untracked |  0
|  63|0x0000000086100000, 0x0000000086200000, 0x0000000086200000|100%|HS|  |TAMS 0x0000000086100000| PB 0x0000000086100000| Complete |  0
|  64|0x0000000086200000, 0x0000000086300000, 0x0000000086300000|100%|HC|  |TAMS 0x0000000086200000| PB 0x0000000086200000| Complete |  0
|  65|0x0000000086300000, 0x0000000086400000, 0x0000000086400000|100%|HC|  |TAMS 0x0000000086300000| PB 0x0000000086300000| Complete |  0
|  66|0x0000000086400000, 0x0000000086500000, 0x0000000086500000|100%|HS|  |TAMS 0x0000000086400000| PB 0x0000000086400000| Complete |  0
|  67|0x0000000086500000, 0x0000000086600000, 0x0000000086600000|100%|HC|  |TAMS 0x0000000086500000| PB 0x0000000086500000| Complete |  0
|  68|0x0000000086600000, 0x0000000086700000, 0x0000000086700000|100%|HC|  |TAMS 0x0000000086600000| PB 0x0000000086600000| Complete |  0
|  69|0x0000000086700000, 0x0000000086800000, 0x0000000086800000|100%|HC|  |TAMS 0x0000000086700000| PB 0x0000000086700000| Complete |  0
|  70|0x0000000086800000, 0x0000000086900000, 0x0000000086900000|100%|HC|  |TAMS 0x0000000086800000| PB 0x0000000086800000| Complete |  0
|  71|0x0000000086900000, 0x0000000086a00000, 0x0000000086a00000|100%|HC|  |TAMS 0x0000000086900000| PB 0x0000000086900000| Complete |  0
|  72|0x0000000086a00000, 0x0000000086a00000, 0x0000000086b00000|  0%| F|  |TAMS 0x0000000086a00000| PB 0x0000000086a00000| Untracked |  0
|  73|0x0000000086b00000, 0x0000000086b00000, 0x0000000086c00000|  0%| F|  |TAMS 0x0000000086b00000| PB 0x0000000086b00000| Untracked |  0
|  74|0x0000000086c00000, 0x0000000086c00000, 0x0000000086d00000|  0%| F|  |TAMS 0x0000000086c00000| PB 0x0000000086c00000| Untracked |  0
|  75|0x0000000086d00000, 0x0000000086d00000, 0x0000000086e00000|  0%| F|  |TAMS 0x0000000086d00000| PB 0x0000000086d00000| Untracked |  0
|  76|0x0000000086e00000, 0x0000000086e00000, 0x0000000086f00000|  0%| F|  |TAMS 0x0000000086e00000| PB 0x0000000086e00000| Untracked |  0
|  77|0x0000000086f00000, 0x0000000086f00000, 0x0000000087000000|  0%| F|  |TAMS 0x0000000086f00000| PB 0x0000000086f00000| Untracked |  0
|  78|0x0000000087000000, 0x0000000087000000, 0x0000000087100000|  0%| F|  |TAMS 0x0000000087000000| PB 0x0000000087000000| Untracked |  0
|  79|0x0000000087100000, 0x0000000087100000, 0x0000000087200000|  0%| F|  |TAMS 0x0000000087100000| PB 0x0000000087100000| Untracked |  0
|  80|0x0000000087200000, 0x0000000087200000, 0x0000000087300000|  0%| F|  |TAMS 0x0000000087200000| PB 0x0000000087200000| Untracked |  0
|  81|0x0000000087300000, 0x0000000087300000, 0x0000000087400000|  0%| F|  |TAMS 0x0000000087300000| PB 0x0000000087300000| Untracked |  0
|  82|0x0000000087400000, 0x0000000087400000, 0x0000000087500000|  0%| F|  |TAMS 0x0000000087400000| PB 0x0000000087400000| Untracked |  0
|  83|0x0000000087500000, 0x0000000087500000, 0x0000000087600000|  0%| F|  |TAMS 0x0000000087500000| PB 0x0000000087500000| Untracked |  0
|  84|0x0000000087600000, 0x0000000087600000, 0x0000000087700000|  0%| F|  |TAMS 0x0000000087600000| PB 0x0000000087600000| Untracked |  0
|  85|0x0000000087700000, 0x0000000087700000, 0x0000000087800000|  0%| F|  |TAMS 0x0000000087700000| PB 0x0000000087700000| Untracked |  0
|  86|0x0000000087800000, 0x0000000087800000, 0x0000000087900000|  0%| F|  |TAMS 0x0000000087800000| PB 0x0000000087800000| Untracked |  0
|  87|0x0000000087900000, 0x0000000087900000, 0x0000000087a00000|  0%| F|  |TAMS 0x0000000087900000| PB 0x0000000087900000| Untracked |  0
|  88|0x0000000087a00000, 0x0000000087a00000, 0x0000000087b00000|  0%| F|  |TAMS 0x0000000087a00000| PB 0x0000000087a00000| Untracked |  0
|  89|0x0000000087b00000, 0x0000000087b00000, 0x0000000087c00000|  0%| F|  |TAMS 0x0000000087b00000| PB 0x0000000087b00000| Untracked |  0
|  90|0x0000000087c00000, 0x0000000087c00000, 0x0000000087d00000|  0%| F|  |TAMS 0x0000000087c00000| PB 0x0000000087c00000| Untracked |  0
|  91|0x0000000087d00000, 0x0000000087d00000, 0x0000000087e00000|  0%| F|  |TAMS 0x0000000087d00000| PB 0x0000000087d00000| Untracked |  0
|  92|0x0000000087e00000, 0x0000000087e00000, 0x0000000087f00000|  0%| F|  |TAMS 0x0000000087e00000| PB 0x0000000087e00000| Untracked |  0
|  93|0x0000000087f00000, 0x0000000087f00000, 0x0000000088000000|  0%| F|  |TAMS 0x0000000087f00000| PB 0x0000000087f00000| Untracked |  0
|  94|0x0000000088000000, 0x0000000088000000, 0x0000000088100000|  0%| F|  |TAMS 0x0000000088000000| PB 0x0000000088000000| Untracked |  0
|  95|0x0000000088100000, 0x0000000088100000, 0x0000000088200000|  0%| F|  |TAMS 0x0000000088100000| PB 0x0000000088100000| Untracked |  0
|  96|0x0000000088200000, 0x0000000088200000, 0x0000000088300000|  0%| F|  |TAMS 0x0000000088200000| PB 0x0000000088200000| Untracked |  0
|  97|0x0000000088300000, 0x0000000088300000, 0x0000000088400000|  0%| F|  |TAMS 0x0000000088300000| PB 0x0000000088300000| Untracked |  0
|  98|0x0000000088400000, 0x0000000088400000, 0x0000000088500000|  0%| F|  |TAMS 0x0000000088400000| PB 0x0000000088400000| Untracked |  0
|  99|0x0000000088500000, 0x0000000088500000, 0x0000000088600000|  0%| F|  |TAMS 0x0000000088500000| PB 0x0000000088500000| Untracked |  0
| 100|0x0000000088600000, 0x0000000088600000, 0x0000000088700000|  0%| F|  |TAMS 0x0000000088600000| PB 0x0000000088600000| Untracked |  0
| 101|0x0000000088700000, 0x0000000088700000, 0x0000000088800000|  0%| F|  |TAMS 0x0000000088700000| PB 0x0000000088700000| Untracked |  0
| 102|0x0000000088800000, 0x0000000088800000, 0x0000000088900000|  0%| F|  |TAMS 0x0000000088800000| PB 0x0000000088800000| Untracked |  0
| 103|0x0000000088900000, 0x0000000088900000, 0x0000000088a00000|  0%| F|  |TAMS 0x0000000088900000| PB 0x0000000088900000| Untracked |  0
| 104|0x0000000088a00000, 0x0000000088a00000, 0x0000000088b00000|  0%| F|  |TAMS 0x0000000088a00000| PB 0x0000000088a00000| Untracked |  0
| 105|0x0000000088b00000, 0x0000000088b00000, 0x0000000088c00000|  0%| F|  |TAMS 0x0000000088b00000| PB 0x0000000088b00000| Untracked |  0
| 106|0x0000000088c00000, 0x0000000088c00000, 0x0000000088d00000|  0%| F|  |TAMS 0x0000000088c00000| PB 0x0000000088c00000| Untracked |  0
| 107|0x0000000088d00000, 0x0000000088d00000, 0x0000000088e00000|  0%| F|  |TAMS 0x0000000088d00000| PB 0x0000000088d00000| Untracked |  0
| 108|0x0000000088e00000, 0x0000000088e00000, 0x0000000088f00000|  0%| F|  |TAMS 0x0000000088e00000| PB 0x0000000088e00000| Untracked |  0
| 109|0x0000000088f00000, 0x0000000088f00000, 0x0000000089000000|  0%| F|  |TAMS 0x0000000088f00000| PB 0x0000000088f00000| Untracked |  0
| 110|0x0000000089000000, 0x0000000089000000, 0x0000000089100000|  0%| F|  |TAMS 0x0000000089000000| PB 0x0000000089000000| Untracked |  0
| 111|0x0000000089100000, 0x0000000089100000, 0x0000000089200000|  0%| F|  |TAMS 0x0000000089100000| PB 0x0000000089100000| Untracked |  0
| 112|0x0000000089200000, 0x0000000089200000, 0x0000000089300000|  0%| F|  |TAMS 0x0000000089200000| PB 0x0000000089200000| Untracked |  0
| 113|0x0000000089300000, 0x0000000089300000, 0x0000000089400000|  0%| F|  |TAMS 0x0000000089300000| PB 0x0000000089300000| Untracked |  0
| 114|0x0000000089400000, 0x0000000089400000, 0x0000000089500000|  0%| F|  |TAMS 0x0000000089400000| PB 0x0000000089400000| Untracked |  0
| 115|0x0000000089500000, 0x0000000089500000, 0x0000000089600000|  0%| F|  |TAMS 0x0000000089500000| PB 0x0000000089500000| Untracked |  0
| 116|0x0000000089600000, 0x0000000089600000, 0x0000000089700000|  0%| F|  |TAMS 0x0000000089600000| PB 0x0000000089600000| Untracked |  0
| 117|0x0000000089700000, 0x0000000089700000, 0x0000000089800000|  0%| F|  |TAMS 0x0000000089700000| PB 0x0000000089700000| Untracked |  0
| 118|0x0000000089800000, 0x0000000089846f10, 0x0000000089900000| 27%| S|CS|TAMS 0x0000000089800000| PB 0x0000000089800000| Complete |  0
| 119|0x0000000089900000, 0x0000000089900000, 0x0000000089a00000|  0%| F|  |TAMS 0x0000000089900000| PB 0x0000000089900000| Untracked |  0
| 120|0x0000000089a00000, 0x0000000089a00000, 0x0000000089b00000|  0%| F|  |TAMS 0x0000000089a00000| PB 0x0000000089a00000| Untracked |  0
| 121|0x0000000089b00000, 0x0000000089b5c2b8, 0x0000000089c00000| 36%| E|  |TAMS 0x0000000089b00000| PB 0x0000000089b00000| Complete |  0
| 122|0x0000000089c00000, 0x0000000089d00000, 0x0000000089d00000|100%| E|CS|TAMS 0x0000000089c00000| PB 0x0000000089c00000| Complete |  0
| 123|0x0000000089d00000, 0x0000000089e00000, 0x0000000089e00000|100%| E|CS|TAMS 0x0000000089d00000| PB 0x0000000089d00000| Complete |  0
| 124|0x0000000089e00000, 0x0000000089f00000, 0x0000000089f00000|100%| E|CS|TAMS 0x0000000089e00000| PB 0x0000000089e00000| Complete |  0
| 125|0x0000000089f00000, 0x000000008a000000, 0x000000008a000000|100%| E|CS|TAMS 0x0000000089f00000| PB 0x0000000089f00000| Complete |  0

Card table byte_map: [0x00000258654a0000,0x0000025865890000] _byte_map_base: 0x000002586508f000

Marking Bits: (CMBitMap*) 0x000002584d2eb410
 Bits: [0x0000025865890000, 0x0000025867808000)

Polling page: 0x000002584d360000

Metaspace:

Usage:
  Non-class:      6.38 MB used.
      Class:    790.36 KB used.
       Both:      7.15 MB used.

Virtual space:
  Non-class space:       64.00 MB reserved,       6.50 MB ( 10%) committed,  1 nodes.
      Class space:        1.00 GB reserved,     896.00 KB ( <1%) committed,  1 nodes.
             Both:        1.06 GB reserved,       7.38 MB ( <1%) committed. 

Chunk freelists:
   Non-Class:  9.00 MB
       Class:  15.10 MB
        Both:  24.10 MB

MaxMetaspaceSize: unlimited
CompressedClassSpaceSize: 1.00 GB
Initial GC threshold: 21.00 MB
Current GC threshold: 21.00 MB
CDS: on
 - commit_granule_bytes: 65536.
 - commit_granule_words: 8192.
 - virtual_space_node_default_size: 8388608.
 - enlarge_chunks_in_place: 1.
 - use_allocation_guard: 0.


Internal statistics:

num_allocs_failed_limit: 0.
num_arena_births: 154.
num_arena_deaths: 0.
num_vsnodes_births: 2.
num_vsnodes_deaths: 0.
num_space_committed: 118.
num_space_uncommitted: 0.
num_chunks_returned_to_freelist: 0.
num_chunks_taken_from_freelist: 211.
num_chunk_merges: 0.
num_chunk_splits: 117.
num_chunks_enlarged: 29.
num_inconsistent_stats: 0.

CodeHeap 'non-profiled nmethods': size=120000Kb used=420Kb max_used=420Kb free=119579Kb
 bounds [0x000002585d110000, 0x000002585d380000, 0x0000025864640000]
CodeHeap 'profiled nmethods': size=120000Kb used=1830Kb max_used=1830Kb free=118170Kb
 bounds [0x0000025855640000, 0x00000258558b0000, 0x000002585cb70000]
CodeHeap 'non-nmethods': size=5760Kb used=1545Kb max_used=1566Kb free=4214Kb
 bounds [0x000002585cb70000, 0x000002585cde0000, 0x000002585d110000]
 total_blobs=1826 nmethods=1214 adapters=517
 compilation: enabled
              stopped_count=0, restarted_count=0
 full_count=0

Compilation events (20 events):
Event: 1357.401 Thread 0x000002586a2ebf80 nmethod 1251 0x000002585d174210 code [0x000002585d1743c0, 0x000002585d174580]
Event: 1358.904 Thread 0x000002586a2ebf80 1252       4       java.util.concurrent.locks.LockSupport::setCurrentBlocker (14 bytes)
Event: 1358.905 Thread 0x000002586a2ebf80 nmethod 1252 0x000002585d174790 code [0x000002585d174900, 0x000002585d174a50]
Event: 1368.072 Thread 0x000002586a2ebf80 1253       4       java.util.concurrent.locks.AbstractQueuedSynchronizer$ConditionObject::unlinkCancelledWaiters (91 bytes)
Event: 1368.081 Thread 0x000002586a2ebf80 nmethod 1253 0x000002585d174a90 code [0x000002585d174c20, 0x000002585d174f38]
Event: 1373.173 Thread 0x000002586a2ebf80 1254   !   4       java.awt.Container::isParentOf (49 bytes)
Event: 1373.175 Thread 0x000002586a2ebf80 nmethod 1254 0x000002585d175090 code [0x000002585d175220, 0x000002585d175488]
Event: 1373.685 Thread 0x000002586a2ebf80 1255       4       javax.swing.TimerQueue$DelayedTimer::getDelay (16 bytes)
Event: 1373.691 Thread 0x000002586a2ebf80 nmethod 1255 0x000002585d175590 code [0x000002585d175720, 0x000002585d175888]
Event: 1406.315 Thread 0x000002586a2ebf80 1256       4       java.util.concurrent.locks.AbstractQueuedSynchronizer$ConditionObject::awaitNanos (207 bytes)
Event: 1406.337 Thread 0x000002586a2ebf80 nmethod 1256 0x000002585d175990 code [0x000002585d175c00, 0x000002585d176b08]
Event: 1412.929 Thread 0x000002586a2ebf80 1257       4       java.util.HashSet::add (20 bytes)
Event: 1412.932 Thread 0x000002586a2ebf80 nmethod 1257 0x000002585d177490 code [0x000002585d177620, 0x000002585d177710]
Event: 1466.883 Thread 0x000002586a2ebf80 1258   !   4       javax.swing.RepaintManager::addDirtyRegion0 (205 bytes)
Event: 1466.889 Thread 0x000002586a2ebf80 nmethod 1258 0x000002585d177810 code [0x000002585d177a00, 0x000002585d1780a0]
Event: 1552.735 Thread 0x000002586a2ebf80 1259       4       java.awt.EventQueue::eventToCacheIndex (80 bytes)
Event: 1552.736 Thread 0x000002586a2ebf80 nmethod 1259 0x000002585d178610 code [0x000002585d1787a0, 0x000002585d1788b8]
Event: 1811.490 Thread 0x000002586a2ebf80 1260   !   4       java.awt.Component::invalidate (63 bytes)
Event: 1811.496 Thread 0x000002586a2ebf80 nmethod 1260 0x000002585d178990 code [0x000002585d178b40, 0x000002585d178f70]
Event: 1815.527 Thread 0x000002586a2ebf80 1261       4       javax.swing.JComponent::repaint (19 bytes)

GC Heap History (8 events):
Event: 0.338 GC heap before
{Heap before GC invocations=0 (full 0):
 garbage-first heap   total reserved 2062336K, committed 129024K, used 7168K [0x0000000082200000, 0x0000000100000000)
  region size 1024K, 8 young (8192K), 0 survivors (0K)
 Metaspace       used 4676K, committed 4928K, reserved 1114112K
  class space    used 499K, committed 640K, reserved 1048576K
}
Event: 0.342 GC heap after
{Heap after GC invocations=1 (full 0):
 garbage-first heap   total reserved 2062336K, committed 129024K, used 2824K [0x0000000082200000, 0x0000000100000000)
  region size 1024K, 3 young (3072K), 3 survivors (3072K)
 Metaspace       used 4676K, committed 4928K, reserved 1114112K
  class space    used 499K, committed 640K, reserved 1048576K
}
Event: 0.533 GC heap before
{Heap before GC invocations=1 (full 0):
 garbage-first heap   total reserved 2062336K, committed 129024K, used 82696K [0x0000000082200000, 0x0000000100000000)
  region size 1024K, 22 young (22528K), 3 survivors (3072K)
 Metaspace       used 4795K, committed 4992K, reserved 1114112K
  class space    used 505K, committed 640K, reserved 1048576K
}
Event: 0.537 GC heap after
{Heap after GC invocations=2 (full 0):
 garbage-first heap   total reserved 2062336K, committed 129024K, used 64459K [0x0000000082200000, 0x0000000100000000)
  region size 1024K, 1 young (1024K), 1 survivors (1024K)
 Metaspace       used 4795K, committed 4992K, reserved 1114112K
  class space    used 505K, committed 640K, reserved 1048576K
}
Event: 0.681 GC heap before
{Heap before GC invocations=2 (full 0):
 garbage-first heap   total reserved 2062336K, committed 129024K, used 115659K [0x0000000082200000, 0x0000000100000000)
  region size 1024K, 53 young (54272K), 1 survivors (1024K)
 Metaspace       used 4816K, committed 5056K, reserved 1114112K
  class space    used 507K, committed 640K, reserved 1048576K
}
Event: 0.683 GC heap after
{Heap after GC invocations=3 (full 0):
 garbage-first heap   total reserved 2062336K, committed 129024K, used 64220K [0x0000000082200000, 0x0000000100000000)
  region size 1024K, 1 young (1024K), 1 survivors (1024K)
 Metaspace       used 4816K, committed 5056K, reserved 1114112K
  class space    used 507K, committed 640K, reserved 1048576K
}
Event: 1.061 GC heap before
{Heap before GC invocations=4 (full 0):
 garbage-first heap   total reserved 2062336K, committed 129024K, used 73436K [0x0000000082200000, 0x0000000100000000)
  region size 1024K, 8 young (8192K), 1 survivors (1024K)
 Metaspace       used 6445K, committed 6720K, reserved 1114112K
  class space    used 706K, committed 832K, reserved 1048576K
}
Event: 1.065 GC heap after
{Heap after GC invocations=5 (full 0):
 garbage-first heap   total reserved 2062336K, committed 129024K, used 67456K [0x0000000082200000, 0x0000000100000000)
  region size 1024K, 1 young (1024K), 1 survivors (1024K)
 Metaspace       used 6445K, committed 6720K, reserved 1114112K
  class space    used 706K, committed 832K, reserved 1048576K
}

Dll operation events (10 events):
Event: 0.010 Loaded shared library C:\Program Files\Java\jdk-22\bin\java.dll
Event: 0.043 Loaded shared library C:\Program Files\Java\jdk-22\bin\jsvml.dll
Event: 0.071 Loaded shared library C:\Program Files\Java\jdk-22\bin\net.dll
Event: 0.073 Loaded shared library C:\Program Files\Java\jdk-22\bin\nio.dll
Event: 0.092 Loaded shared library C:\Program Files\Java\jdk-22\bin\zip.dll
Event: 0.108 Loaded shared library C:\Program Files\Java\jdk-22\bin\jimage.dll
Event: 0.125 Loaded shared library C:\Program Files\Java\jdk-22\bin\awt.dll
Event: 0.317 Loaded shared library C:\Program Files\Java\jdk-22\bin\javajpeg.dll
Event: 0.971 Loaded shared library C:\Program Files\Java\jdk-22\bin\freetype.dll
Event: 0.972 Loaded shared library C:\Program Files\Java\jdk-22\bin\fontmanager.dll

Deoptimization events (20 events):
Event: 1.097 Thread 0x0000025846b562c0 Uncommon trap: trap_request=0xffffffde fr.pc=0x000002585d156338 relative=0x00000000000002d8
Event: 1.097 Thread 0x0000025846b562c0 Uncommon trap: reason=class_check action=maybe_recompile pc=0x000002585d156338 method=java.util.HashMap.getNode(Ljava/lang/Object;)Ljava/util/HashMap$Node; @ 63 c2
Event: 1.097 Thread 0x0000025846b562c0 DEOPT PACKING pc=0x000002585d156338 sp=0x000000cf306fd2d0
Event: 1.097 Thread 0x0000025846b562c0 DEOPT UNPACKING pc=0x000002585cbc46a2 sp=0x000000cf306fd238 mode 2
Event: 1.099 Thread 0x0000025846b562c0 Uncommon trap: trap_request=0xffffffde fr.pc=0x000002585d156338 relative=0x00000000000002d8
Event: 1.100 Thread 0x0000025846b562c0 Uncommon trap: reason=class_check action=maybe_recompile pc=0x000002585d156338 method=java.util.HashMap.getNode(Ljava/lang/Object;)Ljava/util/HashMap$Node; @ 63 c2
Event: 1.100 Thread 0x0000025846b562c0 DEOPT PACKING pc=0x000002585d156338 sp=0x000000cf306fd1c0
Event: 1.100 Thread 0x0000025846b562c0 DEOPT UNPACKING pc=0x000002585cbc46a2 sp=0x000000cf306fd128 mode 2
Event: 1.101 Thread 0x0000025846b562c0 Uncommon trap: trap_request=0xffffffde fr.pc=0x000002585d156338 relative=0x00000000000002d8
Event: 1.101 Thread 0x0000025846b562c0 Uncommon trap: reason=class_check action=maybe_recompile pc=0x000002585d156338 method=java.util.HashMap.getNode(Ljava/lang/Object;)Ljava/util/HashMap$Node; @ 63 c2
Event: 1.101 Thread 0x0000025846b562c0 DEOPT PACKING pc=0x000002585d156338 sp=0x000000cf306fd340
Event: 1.101 Thread 0x0000025846b562c0 DEOPT UNPACKING pc=0x000002585cbc46a2 sp=0x000000cf306fd2a8 mode 2
Event: 1.123 Thread 0x0000025846b562c0 Uncommon trap: trap_request=0xffffffde fr.pc=0x000002585d156338 relative=0x00000000000002d8
Event: 1.123 Thread 0x0000025846b562c0 Uncommon trap: reason=class_check action=maybe_recompile pc=0x000002585d156338 method=java.util.HashMap.getNode(Ljava/lang/Object;)Ljava/util/HashMap$Node; @ 63 c2
Event: 1.123 Thread 0x0000025846b562c0 DEOPT PACKING pc=0x000002585d156338 sp=0x000000cf306fdbb0
Event: 1.123 Thread 0x0000025846b562c0 DEOPT UNPACKING pc=0x000002585cbc46a2 sp=0x000000cf306fdb18 mode 2
Event: 5.607 Thread 0x000002584546c500 Uncommon trap: trap_request=0xffffff45 fr.pc=0x000002585d15a20c relative=0x000000000000024c
Event: 5.607 Thread 0x000002584546c500 Uncommon trap: reason=unstable_if action=reinterpret pc=0x000002585d15a20c method=java.util.concurrent.locks.ReentrantLock$Sync.lock()V @ 4 c2
Event: 5.607 Thread 0x000002584546c500 DEOPT PACKING pc=0x000002585d15a20c sp=0x000000cf30afde70
Event: 5.607 Thread 0x000002584546c500 DEOPT UNPACKING pc=0x000002585cbc46a2 sp=0x000000cf30afddd0 mode 2

Classes loaded (20 events):
Event: 1.122 Loading class java/text/AttributedCharacterIterator done
Event: 1.122 Loading class java/text/AttributedString$AttributedStringIterator done
Event: 1.122 Loading class java/awt/event/ContainerEvent
Event: 1.122 Loading class java/awt/event/ContainerEvent done
Event: 1.122 Loading class java/applet/Applet
Event: 1.122 Loading class java/awt/Panel
Event: 1.122 Loading class java/awt/Panel done
Event: 1.122 Loading class java/applet/Applet done
Event: 1.558 Loading class javax/swing/Timer$1
Event: 1.559 Loading class javax/swing/Timer$1 done
Event: 1.562 Loading class javax/swing/CellRendererPane
Event: 1.563 Loading class javax/swing/CellRendererPane done
Event: 1.564 Loading class javax/swing/RepaintManager$3
Event: 1.564 Loading class javax/swing/RepaintManager$3 done
Event: 5.670 Loading class java/awt/LightweightDispatcher$2
Event: 5.670 Loading class java/awt/LightweightDispatcher$2 done
Event: 6.725 Loading class java/awt/KeyboardFocusManager$2
Event: 6.725 Loading class java/awt/KeyboardFocusManager$2 done
Event: 6.726 Loading class sun/awt/SunToolkit$1
Event: 6.726 Loading class sun/awt/SunToolkit$1 done

Classes unloaded (0 events):
No events

Classes redefined (0 events):
No events

Internal exceptions (16 events):
Event: 0.073 Thread 0x000002584b9677f0 Exception <a 'sun/nio/fs/WindowsException'{0x0000000089ebc830}> (0x0000000089ebc830) 
thrown [s\open\src\hotspot\share\prims\jni.cpp, line 520]
Event: 0.075 Thread 0x000002584b9677f0 Exception <a 'sun/nio/fs/WindowsException'{0x0000000089ebeee0}> (0x0000000089ebeee0) 
thrown [s\open\src\hotspot\share\prims\jni.cpp, line 520]
Event: 0.075 Thread 0x000002584b9677f0 Exception <a 'sun/nio/fs/WindowsException'{0x0000000089ebfa60}> (0x0000000089ebfa60) 
thrown [s\open\src\hotspot\share\prims\jni.cpp, line 520]
Event: 0.116 Thread 0x000002584b9677f0 Exception <a 'java/lang/ClassNotFoundException'{0x0000000089d8f3f8}: sun/awt/resources/spi/awtProvider> (0x0000000089d8f3f8) 
thrown [s\open\src\hotspot\share\classfile\systemDictionary.cpp, line 313]
Event: 0.135 Thread 0x000002584b9677f0 Exception <a 'java/io/FileNotFoundException'{0x0000000089de3008}> (0x0000000089de3008) 
thrown [s\open\src\hotspot\share\prims\jni.cpp, line 520]
Event: 0.142 Thread 0x000002584b9677f0 Exception <a 'java/io/FileNotFoundException'{0x0000000089c117f8}> (0x0000000089c117f8) 
thrown [s\open\src\hotspot\share\prims\jni.cpp, line 520]
Event: 0.217 Thread 0x000002584b9677f0 Exception <a 'java/lang/NoSuchMethodError'{0x0000000089ca9cf0}: 'void java.lang.invoke.DirectMethodHandle$Holder.invokeSpecial(java.lang.Object, java.lang.Object, java.lang.Object)'> (0x0000000089ca9cf0) 
thrown [s\open\src\hotspot\share\interpreter\linkResolver.cpp, line 774]
Event: 0.223 Thread 0x000002584b9677f0 Exception <a 'java/lang/NoSuchMethodError'{0x0000000089cd0070}: 'java.lang.Object java.lang.invoke.DirectMethodHandle$Holder.newInvokeSpecial(java.lang.Object, java.lang.Object, java.lang.Object, java.lang.Object, java.lang.Object)'> (0x0000000089cd0070) 
thrown [s\open\src\hotspot\share\interpreter\linkResolver.cpp, line 774]
Event: 0.229 Thread 0x000002584b9677f0 Exception <a 'java/lang/NoSuchMethodError'{0x0000000089b819b0}: 'java.lang.Object java.lang.invoke.DirectMethodHandle$Holder.invokeStatic(java.lang.Object, int, java.lang.Object)'> (0x0000000089b819b0) 
thrown [s\open\src\hotspot\share\interpreter\linkResolver.cpp, line 774]
Event: 0.247 Thread 0x000002584b9677f0 Exception <a 'java/lang/ClassNotFoundException'{0x0000000089a236b0}: com/sun/swing/internal/plaf/metal/resources/spi/metalProvider> (0x0000000089a236b0) 
thrown [s\open\src\hotspot\share\classfile\systemDictionary.cpp, line 313]
Event: 0.248 Thread 0x000002584b9677f0 Exception <a 'java/lang/ClassNotFoundException'{0x0000000089a27660}: com/sun/swing/internal/plaf/basic/resources/spi/basicProvider> (0x0000000089a27660) 
thrown [s\open\src\hotspot\share\classfile\systemDictionary.cpp, line 313]
Event: 0.257 Thread 0x000002584b9677f0 Exception <a 'java/lang/NoSuchMethodError'{0x0000000089a46d50}: 'int java.lang.invoke.Invokers$Holder.invokeExact_MT(java.lang.Object, java.lang.Object)'> (0x0000000089a46d50) 
thrown [s\open\src\hotspot\share\interpreter\linkResolver.cpp, line 774]
Event: 0.318 Thread 0x00000258454c8530 Exception <a 'java/lang/NoSuchMethodError'{0x000000008982ab88}: 'java.lang.Object java.lang.invoke.DirectMethodHandle$Holder.newInvokeSpecial(java.lang.Object, java.lang.Object, java.lang.Object, int, int, int, int, int)'> (0x000000008982ab88) 
thrown [s\open\src\hotspot\share\interpreter\linkResolver.cpp, line 774]
Event: 0.952 Thread 0x000002584546c500 Exception <a 'java/lang/NoSuchMethodError'{0x0000000089b889e8}: 'void java.lang.invoke.DirectMethodHandle$Holder.invokeVirtual(java.lang.Object, java.lang.Object)'> (0x0000000089b889e8) 
thrown [s\open\src\hotspot\share\interpreter\linkResolver.cpp, line 774]
Event: 0.968 Thread 0x000002584b9677f0 Exception <a 'java/lang/NoSuchMethodError'{0x0000000089b27310}: 'void java.lang.invoke.DirectMethodHandle$Holder.invokeStaticInit(java.lang.Object)'> (0x0000000089b27310) 
thrown [s\open\src\hotspot\share\interpreter\linkResolver.cpp, line 774]
Event: 1.055 Thread 0x000002584b9677f0 Exception <a 'java/lang/NoSuchMethodError'{0x0000000089adc7a8}: 'void java.lang.invoke.DirectMethodHandle$Holder.invokeStatic(java.lang.Object, java.lang.Object, java.lang.Object)'> (0x0000000089adc7a8) 
thrown [s\open\src\hotspot\share\interpreter\linkResolver.cpp, line 774]

ZGC Phase Switch (0 events):
No events

VM Operations (20 events):
Event: 392.682 Executing VM operation: Cleanup
Event: 392.682 Executing VM operation: Cleanup done
Event: 510.937 Executing VM operation: Cleanup
Event: 510.937 Executing VM operation: Cleanup done
Event: 638.357 Executing VM operation: Cleanup
Event: 638.357 Executing VM operation: Cleanup done
Event: 673.709 Executing VM operation: Cleanup
Event: 673.710 Executing VM operation: Cleanup done
Event: 681.800 Executing VM operation: Cleanup
Event: 681.800 Executing VM operation: Cleanup done
Event: 786.883 Executing VM operation: Cleanup
Event: 786.883 Executing VM operation: Cleanup done
Event: 787.885 Executing VM operation: Cleanup
Event: 787.885 Executing VM operation: Cleanup done
Event: 911.103 Executing VM operation: Cleanup
Event: 911.103 Executing VM operation: Cleanup done
Event: 1087.755 Executing VM operation: Cleanup
Event: 1087.755 Executing VM operation: Cleanup done
Event: 1413.991 Executing VM operation: Cleanup
Event: 1413.991 Executing VM operation: Cleanup done

Events (20 events):
Event: 1.078 Thread 0x000002586a2babb0 flushing nmethod 0x0000025855646e90
Event: 1.078 Thread 0x000002586a2babb0 flushing nmethod 0x0000025855647710
Event: 1.078 Thread 0x000002586a2babb0 flushing nmethod 0x0000025855647a90
Event: 1.078 Thread 0x000002586a2babb0 flushing nmethod 0x0000025855670b10
Event: 1.078 Thread 0x000002586a2babb0 flushing nmethod 0x000002585568f790
Event: 1.078 Thread 0x000002586a2babb0 flushing nmethod 0x00000258556c1a90
Event: 1.078 Thread 0x000002586a2babb0 flushing nmethod 0x00000258556fab90
Event: 1.078 Thread 0x000002586a2babb0 flushing nmethod 0x0000025855655290
Event: 1.078 Thread 0x000002586a2babb0 flushing nmethod 0x0000025855657d10
Event: 1.078 Thread 0x000002586a2babb0 flushing nmethod 0x000002585565a090
Event: 1.078 Thread 0x000002586a2babb0 flushing nmethod 0x000002585565bd90
Event: 1.078 Thread 0x000002586a2babb0 flushing nmethod 0x0000025855640010
Event: 1.078 Thread 0x000002586a2babb0 flushing nmethod 0x0000025855640490
Event: 1.078 Thread 0x000002586a2babb0 flushing nmethod 0x0000025855640b10
Event: 1.078 Thread 0x000002586a2babb0 flushing nmethod 0x000002585565c710
Event: 1.078 Thread 0x000002586a2babb0 flushing nmethod 0x000002585565d610
Event: 1.078 Thread 0x000002586a2babb0 flushing nmethod 0x000002585565e410
Event: 1.078 Thread 0x000002586a2babb0 flushing nmethod 0x0000025855687490
Event: 1.078 Thread 0x000002586a2babb0 flushing nmethod 0x0000025855689e10
Event: 5.944 Thread 0x00000258454c8530 Thread exited: 0x00000258454c8530


Dynamic libraries:
0x00007ff64a460000 - 0x00007ff64a470000 	C:\Program Files\Java\jdk-22\bin\java.exe
0x00007ff8fd1a0000 - 0x00007ff8fd403000 	C:\WINDOWS\SYSTEM32\ntdll.dll
0x00007ff8fc810000 - 0x00007ff8fc8d8000 	C:\WINDOWS\System32\KERNEL32.DLL
0x00007ff8fab50000 - 0x00007ff8faf02000 	C:\WINDOWS\System32\KERNELBASE.dll
0x00007ff8fa830000 - 0x00007ff8fa97b000 	C:\WINDOWS\System32\ucrtbase.dll
0x00007ff8f3e30000 - 0x00007ff8f3e4b000 	C:\Program Files\Java\jdk-22\bin\VCRUNTIME140.dll
0x00007ff8f29b0000 - 0x00007ff8f29c7000 	C:\Program Files\Java\jdk-22\bin\jli.dll
0x00007ff8fb510000 - 0x00007ff8fb5c4000 	C:\WINDOWS\System32\ADVAPI32.dll
0x00007ff8fcd00000 - 0x00007ff8fcda9000 	C:\WINDOWS\System32\msvcrt.dll
0x00007ff8fd070000 - 0x00007ff8fd116000 	C:\WINDOWS\System32\sechost.dll
0x00007ff8fb060000 - 0x00007ff8fb176000 	C:\WINDOWS\System32\RPCRT4.dll
0x00007ff8fce40000 - 0x00007ff8fd008000 	C:\WINDOWS\System32\USER32.dll
0x00007ff8e5260000 - 0x00007ff8e54f0000 	C:\WINDOWS\WinSxS\amd64_microsoft.windows.common-controls_6595b64144ccf1df_6.0.26100.2454_none_3e0b68a2e331ad60\COMCTL32.dll
0x00007ff8faf10000 - 0x00007ff8faf37000 	C:\WINDOWS\System32\win32u.dll
0x00007ff8fc5f0000 - 0x00007ff8fc61a000 	C:\WINDOWS\System32\GDI32.dll
0x00007ff8faa20000 - 0x00007ff8fab4b000 	C:\WINDOWS\System32\gdi32full.dll
0x00007ff8fa780000 - 0x00007ff8fa823000 	C:\WINDOWS\System32\msvcp_win.dll
0x00007ff8ee080000 - 0x00007ff8ee08b000 	C:\WINDOWS\SYSTEM32\VERSION.dll
0x00007ff8fd120000 - 0x00007ff8fd14f000 	C:\WINDOWS\System32\IMM32.DLL
0x00007ff8f24b0000 - 0x00007ff8f24bc000 	C:\Program Files\Java\jdk-22\bin\vcruntime140_1.dll
0x00007ff8f1620000 - 0x00007ff8f16ae000 	C:\Program Files\Java\jdk-22\bin\msvcp140.dll
0x00007ff882800000 - 0x00007ff883548000 	C:\Program Files\Java\jdk-22\bin\server\jvm.dll
0x00007ff8fcc80000 - 0x00007ff8fccf4000 	C:\WINDOWS\System32\WS2_32.dll
0x00007ff8f91e0000 - 0x00007ff8f922e000 	C:\WINDOWS\SYSTEM32\POWRPROF.dll
0x00007ff8e3f40000 - 0x00007ff8e3f76000 	C:\WINDOWS\SYSTEM32\WINMM.dll
0x00007ff8f91c0000 - 0x00007ff8f91d4000 	C:\WINDOWS\SYSTEM32\UMPDC.dll
0x00007ff8f9480000 - 0x00007ff8f949a000 	C:\WINDOWS\SYSTEM32\kernel.appcore.dll
0x00007ff8f2440000 - 0x00007ff8f244a000 	C:\Program Files\Java\jdk-22\bin\jimage.dll
0x00007ff8f7ce0000 - 0x00007ff8f7f21000 	C:\WINDOWS\SYSTEM32\DBGHELP.DLL
0x00007ff8fb180000 - 0x00007ff8fb4fe000 	C:\WINDOWS\System32\combase.dll
0x00007ff8fc2d0000 - 0x00007ff8fc3a6000 	C:\WINDOWS\System32\OLEAUT32.dll
0x00007ff8dcac0000 - 0x00007ff8dcaf9000 	C:\WINDOWS\SYSTEM32\dbgcore.DLL
0x00007ff8fa980000 - 0x00007ff8faa19000 	C:\WINDOWS\System32\bcryptPrimitives.dll
0x00007ff8f2450000 - 0x00007ff8f246e000 	C:\Program Files\Java\jdk-22\bin\java.dll
0x00007ff8fb5d0000 - 0x00007ff8fbcd1000 	C:\WINDOWS\System32\SHELL32.dll
0x00007ff8fc670000 - 0x00007ff8fc809000 	C:\WINDOWS\System32\ole32.dll
0x00007ff8f8280000 - 0x00007ff8f8ab1000 	C:\WINDOWS\SYSTEM32\windows.storage.dll
0x00007ff8fcb10000 - 0x00007ff8fcbea000 	C:\WINDOWS\System32\SHCORE.dll
0x00007ff8fb000000 - 0x00007ff8fb05d000 	C:\WINDOWS\System32\shlwapi.dll
0x00007ff8fa480000 - 0x00007ff8fa4ae000 	C:\WINDOWS\SYSTEM32\profapi.dll
0x00007ff8f16b0000 - 0x00007ff8f1787000 	C:\Program Files\Java\jdk-22\bin\jsvml.dll
0x00007ff8f2430000 - 0x00007ff8f2440000 	C:\Program Files\Java\jdk-22\bin\net.dll
0x00007ff8f9960000 - 0x00007ff8f99c8000 	C:\WINDOWS\system32\mswsock.dll
0x00007ff8f1950000 - 0x00007ff8f1966000 	C:\Program Files\Java\jdk-22\bin\nio.dll
0x00007ff8f1930000 - 0x00007ff8f1947000 	C:\Program Files\Java\jdk-22\bin\zip.dll
0x00007ff882670000 - 0x00007ff8827fe000 	C:\Program Files\Java\jdk-22\bin\awt.dll
0x00007ff8f0db0000 - 0x00007ff8f0e4c000 	C:\WINDOWS\SYSTEM32\apphelp.dll
0x00007ff8f7730000 - 0x00007ff8f775e000 	C:\WINDOWS\system32\DWMAPI.DLL
0x00007ff8f73c0000 - 0x00007ff8f746d000 	C:\WINDOWS\system32\uxtheme.dll
0x00007ff8dff80000 - 0x00007ff8e008c000 	C:\WINDOWS\system32\opengl32.dll
0x00007ff8df420000 - 0x00007ff8df44d000 	C:\WINDOWS\SYSTEM32\GLU32.dll
0x00007ff8f7530000 - 0x00007ff8f7577000 	C:\WINDOWS\SYSTEM32\dxcore.dll
0x00007ff8fbce0000 - 0x00007ff8fbe3c000 	C:\WINDOWS\System32\MSCTF.dll
0x00007ff8f2980000 - 0x00007ff8f29ae000 	C:\Program Files\Java\jdk-22\bin\javajpeg.dll
0x00007ff8af030000 - 0x00007ff8af0b7000 	C:\Program Files\Java\jdk-22\bin\freetype.dll
0x00007ff882590000 - 0x00007ff882667000 	C:\Program Files\Java\jdk-22\bin\fontmanager.dll
0x00007ff8e5a40000 - 0x00007ff8e5b86000 	C:\WINDOWS\SYSTEM32\textinputframework.dll
0x00007ff8eff10000 - 0x00007ff8f0035000 	C:\WINDOWS\SYSTEM32\CoreMessaging.dll
0x00007ff8ebe50000 - 0x00007ff8ec133000 	C:\WINDOWS\SYSTEM32\CoreUIComponents.dll
0x00007ff8f2a50000 - 0x00007ff8f2bb8000 	C:\WINDOWS\SYSTEM32\wintypes.dll
0x00007ff8f9b90000 - 0x00007ff8f9b9c000 	C:\WINDOWS\SYSTEM32\CRYPTBASE.DLL

dbghelp: loaded successfully - version: 4.0.5 - missing functions: none
symbol engine: initialized successfully - sym options: 0x614 - pdb path: .;C:\Program Files\Java\jdk-22\bin;C:\WINDOWS\SYSTEM32;C:\WINDOWS\WinSxS\amd64_microsoft.windows.common-controls_6595b64144ccf1df_6.0.26100.2454_none_3e0b68a2e331ad60;C:\Program Files\Java\jdk-22\bin\server

VM Arguments:
jvm_args: -Dfile.encoding=UTF-8 --module-path=C:\Users\DeLL\OneDrive\Documents\NetBeansProjects\Hotel Reservation System\build\classes 
java_command: hotel.reservation.system.HotelReservationSystem
java_class_path (initial): C:\Users\DeLL\Downloads\mysql-connector-java-8.0.28.jar;C:\Users\DeLL\OneDrive\Documents\NetBeansProjects\Hotel Reservation System\build\classes
Launcher Type: SUN_STANDARD

[Global flags]
     intx CICompilerCount                          = 4                                         {product} {ergonomic}
     uint ConcGCThreads                            = 2                                         {product} {ergonomic}
     uint G1ConcRefinementThreads                  = 8                                         {product} {ergonomic}
   size_t G1HeapRegionSize                         = 1048576                                   {product} {ergonomic}
   size_t InitialHeapSize                          = 132120576                                 {product} {ergonomic}
   size_t MarkStackSize                            = 4194304                                   {product} {ergonomic}
   size_t MaxHeapSize                              = 2111832064                                {product} {ergonomic}
   size_t MaxNewSize                               = 1266679808                                {product} {ergonomic}
   size_t MinHeapDeltaBytes                        = 1048576                                   {product} {ergonomic}
   size_t MinHeapSize                              = 8388608                                   {product} {ergonomic}
    uintx NonNMethodCodeHeapSize                   = 5839372                                {pd product} {ergonomic}
    uintx NonProfiledCodeHeapSize                  = 122909434                              {pd product} {ergonomic}
    uintx ProfiledCodeHeapSize                     = 122909434                              {pd product} {ergonomic}
    uintx ReservedCodeCacheSize                    = 251658240                              {pd product} {ergonomic}
     bool SegmentedCodeCache                       = true                                      {product} {ergonomic}
   size_t SoftMaxHeapSize                          = 2111832064                             {manageable} {ergonomic}
     bool UseCompressedOops                        = true                           {product lp64_product} {ergonomic}
     bool UseG1GC                                  = true                                      {product} {ergonomic}
     bool UseLargePagesIndividualAllocation        = false                                  {pd product} {ergonomic}

Logging:
Log output configuration:
 #0: stdout all=warning uptime,level,tags foldmultilines=false
 #1: stderr all=off uptime,level,tags foldmultilines=false

Environment Variables:
JAVA_HOME="C:\Program Files\Java\jdk-22\bin"
PATH=C:\Program Files\Common Files\Oracle\Java\javapath;C:\WINDOWS\system32;C:\WINDOWS;C:\WINDOWS\System32\Wbem;C:\WINDOWS\System32\WindowsPowerShell\v1.0\;C:\WINDOWS\System32\OpenSSH\;C:\MinGW\bin;%JAVA_HOME%\BIN;C:\Program Files\Git\cmd;C:\Program Files\nodejs\;C:\ProgramData\chocolatey\bin;C:\Users\DeLL\AppData\Local\Programs\Python\Python313\Scripts\;C:\Users\DeLL\AppData\Local\Programs\Python\Python313\;C:\Program Files\MySQL\MySQL Shell 8.0\bin\;C:\Users\DeLL\AppData\Local\Programs\Python\Python312\Scripts\;C:\Users\DeLL\AppData\Local\Programs\Python\Python312\;C:\Users\DeLL\AppData\Local\Programs\Python\Launcher\;C:\Users\DeLL\AppData\Local\Microsoft\WindowsApps;C:\MinGW\bin;C:\Users\DeLL\AppData\Local\Programs\Microsoft VS Code\bin;C:\Program Files\JetBrains\IntelliJ IDEA Community Edition 2024.1\bin;;C:\Users\DeLL\AppData\Local\GitHubDesktop\bin;C:\Users\DeLL\AppData\Roaming\npm;
USERNAME=DeLL
OS=Windows_NT
PROCESSOR_IDENTIFIER=Intel64 Family 6 Model 142 Stepping 10, GenuineIntel
TMP=C:\Users\DeLL\AppData\Local\Temp
TEMP=C:\Users\DeLL\AppData\Local\Temp




Periodic native trim disabled

---------------  S Y S T E M  ---------------

OS:
 Windows 11 , 64 bit Build 26100 (10.0.26100.2454)
OS uptime: 0 days 4:07 hours
Hyper-V role detected

CPU: total 8 (initial active 8) (4 cores per cpu, 2 threads per core) family 6 model 142 stepping 10 microcode 0xf4, cx8, cmov, fxsr, ht, mmx, 3dnowpref, sse, sse2, sse3, ssse3, sse4.1, sse4.2, popcnt, lzcnt, tsc, tscinvbit, avx, avx2, aes, erms, clmul, bmi1, bmi2, rtm, adx, fma, vzeroupper, clflush, clflushopt, hv, rdtscp, f16c
Processor Information for all 8 processors :
  Max Mhz: 1896, Current Mhz: 1696, Mhz Limit: 1687

Memory: 4k page, system-wide physical 8050M (1379M free)
TotalPageFile size 31477M (AvailPageFile size 0M)
current process WorkingSet (physical memory assigned to process): 16M, peak: 215M
current process commit charge ("private bytes"): 224M, peak: 262M

vm_info: Java HotSpot(TM) 64-Bit Server VM (22+36-2370) for windows-amd64 JRE (22+36-2370), built on 2024-02-15T22:15:19Z by "mach5one" with MS VC++ 17.6 (VS2022)

END.
