#
# There is insufficient memory for the Java Runtime Environment to continue.
# Native memory allocation (mmap) failed to map 132120576 bytes. Error detail: G1 virtual space
# Possible reasons:
#   The system is out of physical RAM or swap space
#   This process is running with CompressedOops enabled, and the Java Heap may be blocking the growth of the native heap
# Possible solutions:
#   Reduce memory load on the system
#   Increase physical memory or swap space
#   Check if swap backing store is full
#   Decrease Java heap size (-Xmx/-Xms)
#   Decrease number of Java threads
#   Decrease Java thread stack sizes (-Xss)
#   Set larger code cache with -XX:ReservedCodeCacheSize=
#   JVM is running with Unscaled Compressed Oops mode in which the Java heap is
#     placed in the first 4GB address space. The Java Heap base address is the
#     maximum limit for the native heap growth. Please use -XX:HeapBaseMinAddress
#     to set the Java Heap base and to place the Java Heap above 4GB virtual address.
# This output file may be truncated or incomplete.
#
#  Out of Memory Error (os_windows.cpp:3631), pid=25932, tid=27468
#
# JRE version:  (22.0+36) (build )
# Java VM: Java HotSpot(TM) 64-Bit Server VM (22+36-2370, mixed mode, sharing, tiered, compressed oops, compressed class ptrs, g1 gc, windows-amd64)
# No core dump will be written. Minidumps are not enabled by default on client versions of Windows
#

---------------  S U M M A R Y ------------

Command Line: -Dfile.encoding=UTF-8 --module-path=C:\Users\DeLL\OneDrive\Documents\NetBeansProjects\Hotel Reservation System\build\classes hotel.reservation.system.Dashboard

Host: Intel(R) Core(TM) i5-8350U CPU @ 1.70GHz, 8 cores, 7G,  Windows 11 , 64 bit Build 26100 (10.0.26100.2454)
Time: Tue Feb 11 00:48:29 2025 India Standard Time elapsed time: 2.036869 seconds (0d 0h 0m 2s)

---------------  T H R E A D  ---------------

Current thread (0x000001a687faad10):  JavaThread "Unknown thread" [_thread_in_vm, id=27468, stack(0x0000001eeb800000,0x0000001eeb900000) (1024K)]

Stack: [0x0000001eeb800000,0x0000001eeb900000]
Native frames: (J=compiled Java code, j=interpreted, Vv=VM code, C=native code)
V  [jvm.dll+0x6e2349]  (no source info available)
V  [jvm.dll+0x874ed3]  (no source info available)
V  [jvm.dll+0x8772fe]  (no source info available)
V  [jvm.dll+0x8779d3]  (no source info available)
V  [jvm.dll+0x27fcb6]  (no source info available)
V  [jvm.dll+0x6de9e5]  (no source info available)
V  [jvm.dll+0x6d34ea]  (no source info available)
V  [jvm.dll+0x35892a]  (no source info available)
V  [jvm.dll+0x360e56]  (no source info available)
V  [jvm.dll+0x3b3d7e]  (no source info available)
V  [jvm.dll+0x3b4028]  (no source info available)
V  [jvm.dll+0x32c4ec]  (no source info available)
V  [jvm.dll+0x32d0a8]  (no source info available)
V  [jvm.dll+0x83cd9c]  (no source info available)
V  [jvm.dll+0x3c0cc1]  (no source info available)
V  [jvm.dll+0x825d8c]  (no source info available)
V  [jvm.dll+0x45b9ee]  (no source info available)
V  [jvm.dll+0x45d871]  (no source info available)
C  [jli.dll+0x52a3]  (no source info available)
C  [ucrtbase.dll+0x14ea0]  (no source info available)
C  [KERNEL32.DLL+0x2e8d7]  (no source info available)
C  [ntdll.dll+0xdfbcc]  (no source info available)


---------------  P R O C E S S  ---------------

Threads class SMR info:
_java_thread_list=0x00007ff8833ec1c8, length=0, elements={
}

Java Threads: ( => current thread )
Total: 0

Other Threads:
  0x000001a689abb190 WorkerThread "GC Thread#0"                     [id=6212, stack(0x0000001eeb900000,0x0000001eeba00000) (1024K)]
  0x000001a689acbf40 ConcurrentGCThread "G1 Main Marker"            [id=27476, stack(0x0000001eeba00000,0x0000001eebb00000) (1024K)]
  0x000001a689acee30 WorkerThread "G1 Conc#0"                       [id=26656, stack(0x0000001eebb00000,0x0000001eebc00000) (1024K)]

[error occurred during error reporting (printing all threads), id 0xc0000005, EXCEPTION_ACCESS_VIOLATION (0xc0000005) at pc=0x00007ff882b3f2b7]
VM state: not at safepoint (not fully initialized)

VM Mutex/Monitor currently owned by a thread:  ([mutex/lock_event])
[0x00007ff88346ccc8] Heap_lock - owner thread: 0x000001a687faad10

Heap address: 0x0000000082200000, size: 2014 MB, Compressed Oops mode: 32-bit

CDS archive(s) mapped at: [0x0000000000000000-0x0000000000000000-0x0000000000000000), size 0, SharedBaseAddress: 0x0000000800000000, ArchiveRelocationMode: 1.
Narrow klass base: 0x0000000000000000, Narrow klass shift: 0, Narrow klass range: 0x0

GC Precious Log:
 CardTable entry size: 512
 Card Set container configuration: InlinePtr #cards 5 size 8 Array Of Cards #cards 12 size 40 Howl #buckets 4 coarsen threshold 1843 Howl Bitmap #cards 512 size 80 coarsen threshold 460 Card regions per heap region 1 cards per card region 2048

Heap:
 garbage-first heap   total reserved 2062336K, committed 0K, used 0K [0x0000000082200000, 0x0000000100000000)
  region size 1024K, 0 young (0K), 0 survivors (0K)

[error occurred during error reporting (printing heap information), id 0xc0000005, EXCEPTION_ACCESS_VIOLATION (0xc0000005) at pc=0x00007ff882f3e4e9]
GC Heap History (0 events):
No events

Dll operation events (1 events):
Event: 0.014 Loaded shared library C:\Program Files\Java\jdk-22\bin\java.dll

Deoptimization events (0 events):
No events

Classes loaded (0 events):
No events

Classes unloaded (0 events):
No events

Classes redefined (0 events):
No events

Internal exceptions (0 events):
No events

ZGC Phase Switch (0 events):
No events

VM Operations (0 events):
No events

Events (0 events):
No events


Dynamic libraries:
0x00007ff64a460000 - 0x00007ff64a470000 	C:\Program Files\Java\jdk-22\bin\java.exe
0x00007ff8fd1a0000 - 0x00007ff8fd403000 	C:\WINDOWS\SYSTEM32\ntdll.dll
0x00007ff8fc810000 - 0x00007ff8fc8d8000 	C:\WINDOWS\System32\KERNEL32.DLL
0x00007ff8fab50000 - 0x00007ff8faf02000 	C:\WINDOWS\System32\KERNELBASE.dll
0x00007ff8fa830000 - 0x00007ff8fa97b000 	C:\WINDOWS\System32\ucrtbase.dll
0x00007ff8f3e30000 - 0x00007ff8f3e4b000 	C:\Program Files\Java\jdk-22\bin\VCRUNTIME140.dll
0x00007ff8f29b0000 - 0x00007ff8f29c7000 	C:\Program Files\Java\jdk-22\bin\jli.dll
0x00007ff8fb510000 - 0x00007ff8fb5c4000 	C:\WINDOWS\System32\ADVAPI32.dll
0x00007ff8fcd00000 - 0x00007ff8fcda9000 	C:\WINDOWS\System32\msvcrt.dll
0x00007ff8fd070000 - 0x00007ff8fd116000 	C:\WINDOWS\System32\sechost.dll
0x00007ff8fb060000 - 0x00007ff8fb176000 	C:\WINDOWS\System32\RPCRT4.dll
0x00007ff8fce40000 - 0x00007ff8fd008000 	C:\WINDOWS\System32\USER32.dll
0x00007ff8e5260000 - 0x00007ff8e54f0000 	C:\WINDOWS\WinSxS\amd64_microsoft.windows.common-controls_6595b64144ccf1df_6.0.26100.2454_none_3e0b68a2e331ad60\COMCTL32.dll
0x00007ff8faf10000 - 0x00007ff8faf37000 	C:\WINDOWS\System32\win32u.dll
0x00007ff8fc5f0000 - 0x00007ff8fc61a000 	C:\WINDOWS\System32\GDI32.dll
0x00007ff8faa20000 - 0x00007ff8fab4b000 	C:\WINDOWS\System32\gdi32full.dll
0x00007ff8fa780000 - 0x00007ff8fa823000 	C:\WINDOWS\System32\msvcp_win.dll
0x00007ff8ee080000 - 0x00007ff8ee08b000 	C:\WINDOWS\SYSTEM32\VERSION.dll
0x00007ff8fd120000 - 0x00007ff8fd14f000 	C:\WINDOWS\System32\IMM32.DLL
0x00007ff8f24b0000 - 0x00007ff8f24bc000 	C:\Program Files\Java\jdk-22\bin\vcruntime140_1.dll
0x00007ff8f1620000 - 0x00007ff8f16ae000 	C:\Program Files\Java\jdk-22\bin\msvcp140.dll
0x00007ff882800000 - 0x00007ff883548000 	C:\Program Files\Java\jdk-22\bin\server\jvm.dll
0x00007ff8fcc80000 - 0x00007ff8fccf4000 	C:\WINDOWS\System32\WS2_32.dll
0x00007ff8f91e0000 - 0x00007ff8f922e000 	C:\WINDOWS\SYSTEM32\POWRPROF.dll
0x00007ff8e3f40000 - 0x00007ff8e3f76000 	C:\WINDOWS\SYSTEM32\WINMM.dll
0x00007ff8f91c0000 - 0x00007ff8f91d4000 	C:\WINDOWS\SYSTEM32\UMPDC.dll
0x00007ff8f9480000 - 0x00007ff8f949a000 	C:\WINDOWS\SYSTEM32\kernel.appcore.dll
0x00007ff8f2440000 - 0x00007ff8f244a000 	C:\Program Files\Java\jdk-22\bin\jimage.dll
0x00007ff8f7ce0000 - 0x00007ff8f7f21000 	C:\WINDOWS\SYSTEM32\DBGHELP.DLL
0x00007ff8fb180000 - 0x00007ff8fb4fe000 	C:\WINDOWS\System32\combase.dll
0x00007ff8fc2d0000 - 0x00007ff8fc3a6000 	C:\WINDOWS\System32\OLEAUT32.dll
0x00007ff8dcac0000 - 0x00007ff8dcaf9000 	C:\WINDOWS\SYSTEM32\dbgcore.DLL
0x00007ff8fa980000 - 0x00007ff8faa19000 	C:\WINDOWS\System32\bcryptPrimitives.dll
0x00007ff8f2450000 - 0x00007ff8f246e000 	C:\Program Files\Java\jdk-22\bin\java.dll
0x00007ff8fb5d0000 - 0x00007ff8fbcd1000 	C:\WINDOWS\System32\SHELL32.dll
0x00007ff8fc670000 - 0x00007ff8fc809000 	C:\WINDOWS\System32\ole32.dll

dbghelp: loaded successfully - version: 4.0.5 - missing functions: none
symbol engine: initialized successfully - sym options: 0x614 - pdb path: .;C:\Program Files\Java\jdk-22\bin;C:\WINDOWS\SYSTEM32;C:\WINDOWS\WinSxS\amd64_microsoft.windows.common-controls_6595b64144ccf1df_6.0.26100.2454_none_3e0b68a2e331ad60;C:\Program Files\Java\jdk-22\bin\server

VM Arguments:
jvm_args: -Dfile.encoding=UTF-8 --module-path=C:\Users\DeLL\OneDrive\Documents\NetBeansProjects\Hotel Reservation System\build\classes 
java_command: hotel.reservation.system.Dashboard
java_class_path (initial): C:\Users\DeLL\Downloads\mysql-connector-java-8.0.28.jar;C:\Users\DeLL\OneDrive\Documents\NetBeansProjects\Hotel Reservation System\build\classes
Launcher Type: SUN_STANDARD

[Global flags]
     intx CICompilerCount                          = 4                                         {product} {ergonomic}
     uint ConcGCThreads                            = 2                                         {product} {ergonomic}
     uint G1ConcRefinementThreads                  = 8                                         {product} {ergonomic}
   size_t G1HeapRegionSize                         = 1048576                                   {product} {ergonomic}
   size_t InitialHeapSize                          = 132120576                                 {product} {ergonomic}
   size_t MarkStackSize                            = 4194304                                   {product} {ergonomic}
   size_t MaxHeapSize                              = 2111832064                                {product} {ergonomic}
   size_t MinHeapDeltaBytes                        = 1048576                                   {product} {ergonomic}
   size_t MinHeapSize                              = 8388608                                   {product} {ergonomic}
    uintx NonNMethodCodeHeapSize                   = 5839372                                {pd product} {ergonomic}
    uintx NonProfiledCodeHeapSize                  = 122909434                              {pd product} {ergonomic}
    uintx ProfiledCodeHeapSize                     = 122909434                              {pd product} {ergonomic}
    uintx ReservedCodeCacheSize                    = 251658240                              {pd product} {ergonomic}
     bool SegmentedCodeCache                       = true                                      {product} {ergonomic}
   size_t SoftMaxHeapSize                          = 2111832064                             {manageable} {ergonomic}
     bool UseCompressedOops                        = true                           {product lp64_product} {ergonomic}
     bool UseG1GC                                  = true                                      {product} {ergonomic}
     bool UseLargePagesIndividualAllocation        = false                                  {pd product} {ergonomic}

Logging:
Log output configuration:
 #0: stdout all=warning uptime,level,tags foldmultilines=false
 #1: stderr all=off uptime,level,tags foldmultilines=false

Environment Variables:
JAVA_HOME="C:\Program Files\Java\jdk-22\bin"
PATH=C:\Program Files\Common Files\Oracle\Java\javapath;C:\WINDOWS\system32;C:\WINDOWS;C:\WINDOWS\System32\Wbem;C:\WINDOWS\System32\WindowsPowerShell\v1.0\;C:\WINDOWS\System32\OpenSSH\;C:\MinGW\bin;%JAVA_HOME%\BIN;C:\Program Files\Git\cmd;C:\Program Files\nodejs\;C:\ProgramData\chocolatey\bin;C:\Users\DeLL\AppData\Local\Programs\Python\Python313\Scripts\;C:\Users\DeLL\AppData\Local\Programs\Python\Python313\;C:\Program Files\MySQL\MySQL Shell 8.0\bin\;C:\Users\DeLL\AppData\Local\Programs\Python\Python312\Scripts\;C:\Users\DeLL\AppData\Local\Programs\Python\Python312\;C:\Users\DeLL\AppData\Local\Programs\Python\Launcher\;C:\Users\DeLL\AppData\Local\Microsoft\WindowsApps;C:\MinGW\bin;C:\Users\DeLL\AppData\Local\Programs\Microsoft VS Code\bin;C:\Program Files\JetBrains\IntelliJ IDEA Community Edition 2024.1\bin;;C:\Users\DeLL\AppData\Local\GitHubDesktop\bin;C:\Users\DeLL\AppData\Roaming\npm;
USERNAME=DeLL
OS=Windows_NT
PROCESSOR_IDENTIFIER=Intel64 Family 6 Model 142 Stepping 10, GenuineIntel
TMP=C:\Users\DeLL\AppData\Local\Temp
TEMP=C:\Users\DeLL\AppData\Local\Temp




Periodic native trim disabled

---------------  S Y S T E M  ---------------

OS:
 Windows 11 , 64 bit Build 26100 (10.0.26100.2454)
OS uptime: 0 days 4:14 hours
Hyper-V role detected

CPU: total 8 (initial active 8) (4 cores per cpu, 2 threads per core) family 6 model 142 stepping 10 microcode 0xf4, cx8, cmov, fxsr, ht, mmx, 3dnowpref, sse, sse2, sse3, ssse3, sse4.1, sse4.2, popcnt, lzcnt, tsc, tscinvbit, avx, avx2, aes, erms, clmul, bmi1, bmi2, rtm, adx, fma, vzeroupper, clflush, clflushopt, hv, rdtscp, f16c
Processor Information for all 8 processors :
  Max Mhz: 1896, Current Mhz: 1696, Mhz Limit: 1687

Memory: 4k page, system-wide physical 8050M (1189M free)
TotalPageFile size 31477M (AvailPageFile size 108M)
current process WorkingSet (physical memory assigned to process): 13M, peak: 13M
current process commit charge ("private bytes"): 60M, peak: 186M

vm_info: Java HotSpot(TM) 64-Bit Server VM (22+36-2370) for windows-amd64 JRE (22+36-2370), built on 2024-02-15T22:15:19Z by "mach5one" with MS VC++ 17.6 (VS2022)

END.
